2020-10-23 21:43:33.6706 INFO Opened Url=>https://dotnetfiddle.net/
2020-10-23 21:43:42.6530 INFO Run time stats before Clicking Run button=>9:43:37 pm
2020-10-23 21:43:42.6530 INFO Run time seconds value before Clicking Run button=>37
2020-10-23 21:43:47.8524 INFO Run time stats after Clicking Run button=>9:43:37 pm
2020-10-23 21:43:47.8617 INFO Run time seconds value after Clicking Run button=>37
2020-10-23 21:43:47.8617 INFO BeforeSeconds=>37&AfterSeconds=>37 are matching
2020-10-23 21:49:40.2234 INFO Opened Url=>https://dotnetfiddle.net/
2020-10-23 21:49:46.6031 INFO Run time stats before Clicking Run button=>9:49:41 pm
2020-10-23 21:49:46.6095 INFO Run time seconds value before Clicking Run button=>41
2020-10-23 21:49:48.8077 INFO Run time stats after Clicking Run button=>9:49:41 pm
2020-10-23 21:49:48.8139 INFO Run time seconds value after Clicking Run button=>41
2020-10-23 21:53:16.1464 INFO Opened Url=>https://dotnetfiddle.net/
2020-10-23 21:53:23.5766 INFO Run time stats before Clicking Run button=>9:53:17 pm
2020-10-23 21:53:23.5766 INFO Run time seconds value before Clicking Run button=>17
2020-10-23 21:53:25.7779 INFO Run time stats after Clicking Run button=>9:53:17 pm
2020-10-23 21:53:25.7779 INFO Run time seconds value after Clicking Run button=>17
2020-10-23 21:55:44.7252 INFO Opened Url=>https://dotnetfiddle.net/
2020-10-23 21:57:59.8828 INFO Opened Url=>https://dotnetfiddle.net/
2020-10-23 22:00:06.2304 INFO Opened Url=>https://dotnetfiddle.net/
2020-10-23 22:00:12.6865 INFO Run time stats before Clicking Run button=>10:00:07 pm
2020-10-23 22:00:12.6865 INFO Run time seconds value before Clicking Run button=>07
2020-10-23 22:00:17.9066 INFO Run time stats after Clicking Run button=>10:00:07 pm
2020-10-23 22:00:17.9066 INFO Run time seconds value after Clicking Run button=>07
2020-10-23 22:35:37.4608 INFO Opened Url=>https://dotnetfiddle.net/
2020-10-23 22:35:44.4669 INFO Run time stats before Clicking Run button=>10:35:38 pm
2020-10-23 22:35:44.4669 INFO Run time seconds value before Clicking Run button=>38
2020-10-23 22:35:49.6805 INFO Run time stats after Clicking Run button=>10:35:38 pm
2020-10-23 22:35:49.6873 INFO Run time seconds value after Clicking Run button=>38
2020-10-23 22:42:35.8492 INFO Opened Url=>https://dotnetfiddle.net/
2020-10-23 22:42:42.2538 INFO Run time stats before Clicking Run button=>10:42:37 pm
2020-10-23 22:42:42.2620 INFO Run time seconds value before Clicking Run button=>37
2020-10-23 22:42:42.4445 INFO Run time stats after Clicking Run button=>10:42:37 pm
2020-10-23 22:42:42.4501 INFO Run time seconds value after Clicking Run button=>37
2020-10-23 22:44:23.5478 INFO Opened Url=>https://dotnetfiddle.net/
2020-10-23 22:44:29.4383 INFO Run time stats before Clicking Run button=>10:44:23 pm
2020-10-23 22:44:29.4383 INFO Run time seconds value before Clicking Run button=>23
2020-10-23 22:44:29.6401 INFO Run time stats after Clicking Run button=>10:44:23 pm
2020-10-23 22:44:29.6401 INFO Run time seconds value after Clicking Run button=>23
2020-10-23 22:47:10.8927 INFO Opened Url=>https://dotnetfiddle.net/
2020-10-23 22:47:17.2988 INFO Run time stats before Clicking Run button=>10:47:11 pm
2020-10-23 22:47:17.2988 INFO Run time seconds value before Clicking Run button=>11
2020-10-23 22:47:17.5480 INFO Run time stats after Clicking Run button=>10:47:11 pm
2020-10-23 22:47:17.5480 INFO Run time seconds value after Clicking Run button=>11
2020-10-23 22:58:11.4927 INFO Opened Url=>https://dotnetfiddle.net/
2020-10-23 22:58:18.9629 INFO Run time stats before Clicking Run button=>10:58:12 pm
2020-10-23 22:58:18.9707 INFO Run time seconds value before Clicking Run button=>12
2020-10-23 22:58:19.1865 INFO Run time stats after Clicking Run button=>10:58:12 pm
2020-10-23 22:58:19.1865 INFO Run time seconds value after Clicking Run button=>12
2020-10-23 23:01:02.6945 INFO Opened Url=>https://dotnetfiddle.net/
2020-10-23 23:01:08.5875 INFO Run time stats before Clicking Run button=>11:01:03 pm
2020-10-23 23:01:08.5977 INFO Run time seconds value before Clicking Run button=>03
2020-10-23 23:02:22.7577 INFO Opened Url=>https://dotnetfiddle.net/
2020-10-23 23:02:29.2416 INFO Run time stats before Clicking Run button=>11:02:23 pm
2020-10-23 23:02:29.2487 INFO Run time seconds value before Clicking Run button=>23
2020-10-23 23:04:51.1699 INFO Opened Url=>https://dotnetfiddle.net/
2020-10-23 23:04:57.5662 INFO Run time stats before Clicking Run button=>11:04:52 pm
2020-10-23 23:04:57.5754 INFO Run time seconds value before Clicking Run button=>52
2020-10-23 23:06:34.6439 INFO Opened Url=>https://dotnetfiddle.net/
2020-10-23 23:06:41.1006 INFO Run time stats before Clicking Run button=>11:06:35 pm
2020-10-23 23:06:41.1161 INFO Run time seconds value before Clicking Run button=>35
2020-10-23 23:06:51.2982 INFO Run time stats after Clicking Run button=>11:06:42 pm
2020-10-23 23:06:51.2982 INFO Run time seconds value after Clicking Run button=>42
2020-10-23 23:06:51.3162 INFO Assertion successful
2020-10-23 23:08:11.1112 INFO Opened Url=>https://dotnetfiddle.net/
2020-10-23 23:08:18.0100 INFO Run time stats before Clicking Run button=>11:08:12 pm
2020-10-23 23:08:18.0283 INFO Run time seconds value before Clicking Run button=>12
2020-10-23 23:08:23.3342 INFO Run time stats after Clicking Run button=>11:08:12 pm
2020-10-23 23:08:23.3494 INFO Run time seconds value after Clicking Run button=>12
2020-10-23 23:10:24.1684 INFO Opened Url=>https://dotnetfiddle.net/
2020-10-23 23:10:29.4737 INFO Run time stats before Clicking Run button=>11:10:24 pm
2020-10-23 23:10:29.4828 INFO Run time seconds value before Clicking Run button=>24
2020-10-23 23:10:30.6499 INFO Run time stats after Clicking Run button=>11:10:24 pm
2020-10-23 23:10:30.6567 INFO Run time seconds value after Clicking Run button=>24
2020-10-23 23:14:41.6622 INFO Opened Url=>https://dotnetfiddle.net/
2020-10-23 23:20:56.3694 INFO Opened Url=>https://dotnetfiddle.net/
2020-10-23 23:22:27.9519 INFO Opened Url=>https://dotnetfiddle.net/
2020-10-23 23:23:28.7155 INFO Opened Url=>https://dotnetfiddle.net/
2020-10-23 23:23:35.6417 INFO Run time stats before Clicking Run button=>11:23:30 pm
2020-10-23 23:23:35.6417 INFO Run time seconds value before Clicking Run button=>30
2020-10-23 23:23:36.8338 INFO Run time stats after Clicking Run button=>11:23:30 pm
2020-10-23 23:23:36.8405 INFO Run time seconds value after Clicking Run button=>30
2020-10-23 23:25:45.2711 INFO Opened Url=>https://dotnetfiddle.net/
2020-10-23 23:25:51.6896 INFO Run time stats before Clicking Run button=>11:25:46 pm
2020-10-23 23:25:51.6896 INFO Run time seconds value before Clicking Run button=>46
2020-10-23 23:25:52.9066 INFO Run time stats after Clicking Run button=>11:25:46 pm
2020-10-23 23:25:52.9187 INFO Run time seconds value after Clicking Run button=>46
2020-10-23 23:28:20.2087 INFO Opened Url=>https://dotnetfiddle.net/
2020-10-23 23:28:26.6262 INFO Run time stats before Clicking Run button=>11:28:21 pm
2020-10-23 23:28:26.6386 INFO Run time seconds value before Clicking Run button=>21
2020-10-23 23:30:43.2929 INFO Opened Url=>https://dotnetfiddle.net/
2020-10-23 23:30:49.1602 INFO Run time stats before Clicking Run button=>11:30:44 pm
2020-10-23 23:30:49.1693 INFO Run time seconds value before Clicking Run button=>44
2020-10-23 23:30:50.3706 INFO Run time stats after Clicking Run button=>11:30:44 pm
2020-10-23 23:30:50.3781 INFO Run time seconds value after Clicking Run button=>44
2020-10-23 23:32:02.4059 INFO Opened Url=>https://dotnetfiddle.net/
2020-10-23 23:32:08.2528 INFO Run time stats before Clicking Run button=>11:32:03 pm
2020-10-23 23:32:08.2528 INFO Run time seconds value before Clicking Run button=>03
2020-10-23 23:32:09.4583 INFO Run time stats after Clicking Run button=>11:32:03 pm
2020-10-23 23:32:09.4697 INFO Run time seconds value after Clicking Run button=>03
2020-10-23 23:35:09.7355 INFO Opened Url=>https://dotnetfiddle.net/
2020-10-23 23:35:16.1432 INFO Run time stats before Clicking Run button=>11:35:10 pm
2020-10-23 23:35:16.1432 INFO Run time seconds value before Clicking Run button=>10
2020-10-23 23:35:17.3325 INFO Run time stats after Clicking Run button=>11:35:10 pm
2020-10-23 23:35:17.3414 INFO Run time seconds value after Clicking Run button=>10
2020-10-23 23:36:32.3214 INFO Opened Url=>https://dotnetfiddle.net/
2020-10-23 23:36:38.6957 INFO Run time stats before Clicking Run button=>11:36:33 pm
2020-10-23 23:36:38.7068 INFO Run time seconds value before Clicking Run button=>33
2020-10-23 23:38:46.0356 INFO Opened Url=>https://dotnetfiddle.net/
2020-10-23 23:38:51.4282 INFO Run time stats before Clicking Run button=>11:38:47 pm
2020-10-23 23:38:51.4378 INFO Run time seconds value before Clicking Run button=>47
2020-10-23 23:50:46.3085 INFO Opened Url=>https://dotnetfiddle.net/
2020-10-23 23:57:02.2320 INFO Opened Url=>https://dotnetfiddle.net/
2020-10-23 23:57:08.6550 INFO Run time stats before Clicking Run button=>11:57:03 pm
2020-10-23 23:57:08.6550 INFO Run time seconds value before Clicking Run button=>03
2020-10-23 23:57:08.8802 INFO Run time stats after Clicking Run button=>11:57:03 pm
2020-10-23 23:57:08.8873 INFO Run time seconds value after Clicking Run button=>03
